This file contains any messages produced by compilers while
running configure, to aid debugging if configure makes a mistake.

It was created by configure, which was
generated by GNU Autoconf 2.64.  Invocation command line was

  $ ../newlib-3.1.0/configure --prefix=/usr --target=arm-gdos

## --------- ##
## Platform. ##
## --------- ##

hostname = artyom-MSCV
uname -m = x86_64
uname -r = 5.1.8-1-MANJARO
uname -s = Linux
uname -v = #1 SMP PREEMPT Sun Jun 9 20:44:14 UTC 2019

/usr/bin/uname -p = unknown
/bin/uname -X     = unknown

/bin/arch              = unknown
/usr/bin/arch -k       = unknown
/usr/convex/getsysinfo = unknown
/usr/bin/hostinfo      = unknown
/bin/machine           = unknown
/usr/bin/oslevel       = unknown
/bin/universe          = unknown

PATH: /usr/local/sbin
PATH: /usr/local/bin
PATH: /usr/bin
PATH: /var/lib/flatpak/exports/bin
PATH: /usr/lib/jvm/default/bin
PATH: /usr/bin/site_perl
PATH: /usr/bin/vendor_perl
PATH: /usr/bin/core_perl
PATH: /opt/altera/18.1/quartus/bin
PATH: /opt/altera/18.1/modelsim_ase/bin
PATH: /var/lib/snapd/snap/bin


## ----------- ##
## Core tests. ##
## ----------- ##

configure:2293: checking build system type
configure:2307: result: x86_64-pc-linux-gnu
configure:2354: checking host system type
configure:2367: result: x86_64-pc-linux-gnu
configure:2387: checking target system type
configure:2400: result: arm-unknown-gdos
configure:2454: checking for a BSD-compatible install
configure:2522: result: /usr/bin/install -c
configure:2533: checking whether ln works
configure:2555: result: yes
configure:2559: checking whether ln -s works
configure:2563: result: yes
configure:2570: checking for a sed that does not truncate output
configure:2634: result: /usr/bin/sed
configure:2643: checking for gawk
configure:2659: found /usr/bin/gawk
configure:2670: result: gawk
configure:4113: checking for gcc
configure:4129: found /usr/bin/gcc
configure:4140: result: gcc
configure:4369: checking for C compiler version
configure:4378: gcc --version >&5
gcc (GCC) 8.3.0
Copyright (C) 2018 Free Software Foundation, Inc.
This is free software; see the source for copying conditions.  There is NO
warranty; not even for MERCHANTABILITY or FITNESS FOR A PARTICULAR PURPOSE.

configure:4389: $? = 0
configure:4378: gcc -v >&5
Using built-in specs.
COLLECT_GCC=gcc
COLLECT_LTO_WRAPPER=/usr/lib/gcc/x86_64-pc-linux-gnu/8.3.0/lto-wrapper
Target: x86_64-pc-linux-gnu
Configured with: /build/gcc/src/gcc/configure --prefix=/usr --libdir=/usr/lib --libexecdir=/usr/lib --mandir=/usr/share/man --infodir=/usr/share/info --with-bugurl=https://bugs.archlinux.org/ --enable-languages=c,c++,ada,fortran,go,lto,objc,obj-c++ --enable-shared --enable-threads=posix --enable-libmpx --with-system-zlib --with-isl --enable-__cxa_atexit --disable-libunwind-exceptions --enable-clocale=gnu --disable-libstdcxx-pch --disable-libssp --enable-gnu-unique-object --enable-linker-build-id --enable-lto --enable-plugin --enable-install-libiberty --with-linker-hash-style=gnu --enable-gnu-indirect-function --enable-multilib --disable-werror --enable-checking=release --enable-default-pie --enable-default-ssp --enable-cet=auto
Thread model: posix
gcc version 8.3.0 (GCC) 
configure:4389: $? = 0
configure:4378: gcc -V >&5
gcc: error: unrecognized command line option '-V'
gcc: fatal error: no input files
compilation terminated.
configure:4389: $? = 1
configure:4378: gcc -qversion >&5
gcc: error: unrecognized command line option '-qversion'; did you mean '--version'?
gcc: fatal error: no input files
compilation terminated.
configure:4389: $? = 1
configure:4409: checking for C compiler default output file name
configure:4431: gcc    conftest.c  >&5
configure:4435: $? = 0
configure:4472: result: a.out
configure:4488: checking whether the C compiler works
configure:4497: ./a.out
configure:4501: $? = 0
configure:4516: result: yes
configure:4523: checking whether we are cross compiling
configure:4525: result: no
configure:4528: checking for suffix of executables
configure:4535: gcc -o conftest    conftest.c  >&5
configure:4539: $? = 0
configure:4561: result: 
configure:4567: checking for suffix of object files
configure:4589: gcc -c   conftest.c >&5
configure:4593: $? = 0
configure:4614: result: o
configure:4618: checking whether we are using the GNU C compiler
configure:4637: gcc -c   conftest.c >&5
configure:4637: $? = 0
configure:4646: result: yes
configure:4655: checking whether gcc accepts -g
configure:4675: gcc -c -g  conftest.c >&5
configure:4675: $? = 0
configure:4716: result: yes
configure:4733: checking for gcc option to accept ISO C89
configure:4797: gcc  -c -g -O2  conftest.c >&5
configure:4797: $? = 0
configure:4810: result: none needed
configure:4888: checking for g++
configure:4904: found /usr/bin/g++
configure:4915: result: g++
configure:4942: checking for C++ compiler version
configure:4951: g++ --version >&5
g++ (GCC) 8.3.0
Copyright (C) 2018 Free Software Foundation, Inc.
This is free software; see the source for copying conditions.  There is NO
warranty; not even for MERCHANTABILITY or FITNESS FOR A PARTICULAR PURPOSE.

configure:4962: $? = 0
configure:4951: g++ -v >&5
Using built-in specs.
COLLECT_GCC=g++
COLLECT_LTO_WRAPPER=/usr/lib/gcc/x86_64-pc-linux-gnu/8.3.0/lto-wrapper
Target: x86_64-pc-linux-gnu
Configured with: /build/gcc/src/gcc/configure --prefix=/usr --libdir=/usr/lib --libexecdir=/usr/lib --mandir=/usr/share/man --infodir=/usr/share/info --with-bugurl=https://bugs.archlinux.org/ --enable-languages=c,c++,ada,fortran,go,lto,objc,obj-c++ --enable-shared --enable-threads=posix --enable-libmpx --with-system-zlib --with-isl --enable-__cxa_atexit --disable-libunwind-exceptions --enable-clocale=gnu --disable-libstdcxx-pch --disable-libssp --enable-gnu-unique-object --enable-linker-build-id --enable-lto --enable-plugin --enable-install-libiberty --with-linker-hash-style=gnu --enable-gnu-indirect-function --enable-multilib --disable-werror --enable-checking=release --enable-default-pie --enable-default-ssp --enable-cet=auto
Thread model: posix
gcc version 8.3.0 (GCC) 
configure:4962: $? = 0
configure:4951: g++ -V >&5
g++: error: unrecognized command line option '-V'
g++: fatal error: no input files
compilation terminated.
configure:4962: $? = 1
configure:4951: g++ -qversion >&5
g++: error: unrecognized command line option '-qversion'; did you mean '--version'?
g++: fatal error: no input files
compilation terminated.
configure:4962: $? = 1
configure:4966: checking whether we are using the GNU C++ compiler
configure:4985: g++ -c   conftest.cpp >&5
configure:4985: $? = 0
configure:4994: result: yes
configure:5003: checking whether g++ accepts -g
configure:5023: g++ -c -g  conftest.cpp >&5
configure:5023: $? = 0
configure:5064: result: yes
configure:5113: checking whether g++ accepts -static-libstdc++ -static-libgcc
configure:5130: g++ -o conftest -g -O2   -static-libstdc++ -static-libgcc conftest.cpp  >&5
configure:5130: $? = 0
configure:5131: result: yes
configure:5195: checking for gnatbind
configure:5225: result: no
configure:5287: checking for gnatmake
configure:5317: result: no
configure:5336: checking whether compiler driver understands Ada
configure:5359: result: no
configure:5368: checking how to compare bootstrapped objects
configure:5393: result: cmp --ignore-initial=16 $$f1 $$f2
configure:5453: checking for objdir
configure:5468: result: .libs
configure:6012: checking for isl 0.16, 0.15, or deprecated 0.14
configure:6025: gcc -o conftest -g -O2      -lisl -lmpc -lmpfr -lgmp conftest.c  -lisl -lgmp >&5
configure:6025: $? = 0
configure:6032: result: yes
configure:6040: checking for isl 0.16 or 0.15
configure:6053: gcc -o conftest -g -O2      -lisl -lmpc -lmpfr -lgmp conftest.c  -lisl -lgmp >&5
configure:6053: $? = 0
configure:6060: result: yes
configure:7064: checking for default BUILD_CONFIG
configure:7096: result: 
configure:7101: checking for --enable-vtable-verify
configure:7114: result: no
configure:7720: checking for bison
configure:7736: found /usr/bin/bison
configure:7747: result: bison -y
configure:7767: checking for bison
configure:7783: found /usr/bin/bison
configure:7794: result: bison
configure:7814: checking for gm4
configure:7844: result: no
configure:7814: checking for gnum4
configure:7844: result: no
configure:7814: checking for m4
configure:7830: found /usr/bin/m4
configure:7841: result: m4
configure:7861: checking for flex
configure:7877: found /usr/bin/flex
configure:7888: result: flex
configure:7909: checking for flex
configure:7925: found /usr/bin/flex
configure:7936: result: flex
configure:7956: checking for makeinfo
configure:7972: found /usr/bin/makeinfo
configure:7983: result: makeinfo
configure:8017: checking for expect
configure:8033: found /usr/bin/expect
configure:8044: result: expect
configure:8066: checking for runtest
configure:8082: found /usr/bin/runtest
configure:8093: result: runtest
configure:8211: checking for ar
configure:8227: found /usr/bin/ar
configure:8238: result: ar
configure:8352: checking for as
configure:8368: found /usr/bin/as
configure:8379: result: as
configure:8493: checking for dlltool
configure:8523: result: no
configure:8634: checking for ld
configure:8650: found /usr/bin/ld
configure:8661: result: ld
configure:8775: checking for lipo
configure:8805: result: no
configure:8916: checking for nm
configure:8932: found /usr/bin/nm
configure:8943: result: nm
configure:9057: checking for ranlib
configure:9073: found /usr/bin/ranlib
configure:9084: result: ranlib
configure:9193: checking for strip
configure:9209: found /usr/bin/strip
configure:9220: result: strip
configure:9329: checking for windres
configure:9359: result: no
configure:9470: checking for windmc
configure:9500: result: no
configure:9611: checking for objcopy
configure:9627: found /usr/bin/objcopy
configure:9638: result: objcopy
configure:9752: checking for objdump
configure:9768: found /usr/bin/objdump
configure:9779: result: objdump
configure:9893: checking for readelf
configure:9909: found /usr/bin/readelf
configure:9920: result: readelf
configure:10034: checking for arm-gdos-cc
configure:10050: found /usr/bin/arm-gdos-cc
configure:10061: result: arm-gdos-cc
configure:10195: checking for arm-gdos-c++
configure:10225: result: no
configure:10195: checking for arm-gdos-g++
configure:10225: result: no
configure:10195: checking for arm-gdos-cxx
configure:10225: result: no
configure:10195: checking for arm-gdos-gxx
configure:10225: result: no
configure:10356: checking for arm-gdos-gcc
configure:10372: found /usr/bin/arm-gdos-gcc
configure:10383: result: arm-gdos-gcc
configure:10512: checking for arm-gdos-gcj
configure:10542: result: no
configure:10673: checking for arm-gdos-gfortran
configure:10703: result: no
configure:10834: checking for arm-gdos-gccgo
configure:10864: result: no
configure:11075: checking for arm-gdos-ar
configure:11091: found /usr/bin/arm-gdos-ar
configure:11102: result: arm-gdos-ar
configure:11305: checking for arm-gdos-as
configure:11321: found /usr/bin/arm-gdos-as
configure:11332: result: arm-gdos-as
configure:11535: checking for arm-gdos-dlltool
configure:11565: result: no
configure:11765: checking for arm-gdos-ld
configure:11795: result: no
configure:11995: checking for arm-gdos-lipo
configure:12025: result: no
configure:12225: checking for arm-gdos-nm
configure:12255: result: no
configure:12455: checking for arm-gdos-objcopy
configure:12485: result: no
configure:12685: checking for arm-gdos-objdump
configure:12715: result: no
configure:12915: checking for arm-gdos-ranlib
configure:12931: found /usr/bin/arm-gdos-ranlib
configure:12942: result: arm-gdos-ranlib
configure:13145: checking for arm-gdos-readelf
configure:13175: result: no
configure:13375: checking for arm-gdos-strip
configure:13405: result: no
configure:13605: checking for arm-gdos-windres
configure:13635: result: no
configure:13835: checking for arm-gdos-windmc
configure:13865: result: no
configure:13932: checking where to find the target ar
configure:13969: result: pre-installed
configure:13974: checking where to find the target as
configure:14011: result: pre-installed
configure:14016: checking where to find the target cc
configure:14053: result: pre-installed
configure:14058: checking where to find the target c++
configure:14098: result: pre-installed
configure:14103: checking where to find the target c++ for libstdc++
configure:14143: result: pre-installed
configure:14148: checking where to find the target dlltool
configure:14185: result: pre-installed
configure:14190: checking where to find the target gcc
configure:14227: result: pre-installed
configure:14232: checking where to find the target gcj
configure:14272: result: pre-installed
configure:14277: checking where to find the target gfortran
configure:14317: result: pre-installed
configure:14322: checking where to find the target gccgo
configure:14362: result: pre-installed
configure:14367: checking where to find the target ld
configure:14404: result: pre-installed
configure:14409: checking where to find the target lipo
configure:14435: result: pre-installed
configure:14440: checking where to find the target nm
configure:14477: result: pre-installed
configure:14482: checking where to find the target objcopy
configure:14519: result: pre-installed
configure:14524: checking where to find the target objdump
configure:14561: result: pre-installed
configure:14566: checking where to find the target ranlib
configure:14603: result: pre-installed
configure:14608: checking where to find the target readelf
configure:14645: result: pre-installed
configure:14650: checking where to find the target strip
configure:14687: result: pre-installed
configure:14692: checking where to find the target windres
configure:14729: result: pre-installed
configure:14734: checking where to find the target windmc
configure:14771: result: pre-installed
configure:14804: checking whether to enable maintainer-specific portions of Makefiles
configure:14813: result: no
configure:15063: creating ./config.status

## ---------------------- ##
## Running config.status. ##
## ---------------------- ##

This file was extended by config.status, which was
generated by GNU Autoconf 2.64.  Invocation command line was

  CONFIG_FILES    = 
  CONFIG_HEADERS  = 
  CONFIG_LINKS    = 
  CONFIG_COMMANDS = 
  $ ./config.status 

on artyom-MSCV

config.status:917: creating Makefile

## ---------------- ##
## Cache variables. ##
## ---------------- ##

ac_cv_build=x86_64-pc-linux-gnu
ac_cv_c_compiler_gnu=yes
ac_cv_cxx_compiler_gnu=yes
ac_cv_env_AR_FOR_TARGET_set=
ac_cv_env_AR_FOR_TARGET_value=
ac_cv_env_AR_set=
ac_cv_env_AR_value=
ac_cv_env_AS_FOR_TARGET_set=
ac_cv_env_AS_FOR_TARGET_value=
ac_cv_env_AS_set=
ac_cv_env_AS_value=
ac_cv_env_CCC_set=
ac_cv_env_CCC_value=
ac_cv_env_CC_FOR_TARGET_set=
ac_cv_env_CC_FOR_TARGET_value=
ac_cv_env_CC_set=
ac_cv_env_CC_value=
ac_cv_env_CFLAGS_set=
ac_cv_env_CFLAGS_value=
ac_cv_env_CPPFLAGS_set=
ac_cv_env_CPPFLAGS_value=
ac_cv_env_CXXFLAGS_set=
ac_cv_env_CXXFLAGS_value=
ac_cv_env_CXX_FOR_TARGET_set=
ac_cv_env_CXX_FOR_TARGET_value=
ac_cv_env_CXX_set=
ac_cv_env_CXX_value=
ac_cv_env_DLLTOOL_FOR_TARGET_set=
ac_cv_env_DLLTOOL_FOR_TARGET_value=
ac_cv_env_DLLTOOL_set=
ac_cv_env_DLLTOOL_value=
ac_cv_env_GCC_FOR_TARGET_set=
ac_cv_env_GCC_FOR_TARGET_value=
ac_cv_env_GCJ_FOR_TARGET_set=
ac_cv_env_GCJ_FOR_TARGET_value=
ac_cv_env_GFORTRAN_FOR_TARGET_set=
ac_cv_env_GFORTRAN_FOR_TARGET_value=
ac_cv_env_GOC_FOR_TARGET_set=
ac_cv_env_GOC_FOR_TARGET_value=
ac_cv_env_LDFLAGS_set=
ac_cv_env_LDFLAGS_value=
ac_cv_env_LD_FOR_TARGET_set=
ac_cv_env_LD_FOR_TARGET_value=
ac_cv_env_LD_set=
ac_cv_env_LD_value=
ac_cv_env_LIBS_set=
ac_cv_env_LIBS_value=
ac_cv_env_LIPO_FOR_TARGET_set=
ac_cv_env_LIPO_FOR_TARGET_value=
ac_cv_env_LIPO_set=
ac_cv_env_LIPO_value=
ac_cv_env_NM_FOR_TARGET_set=
ac_cv_env_NM_FOR_TARGET_value=
ac_cv_env_NM_set=
ac_cv_env_NM_value=
ac_cv_env_OBJCOPY_FOR_TARGET_set=
ac_cv_env_OBJCOPY_FOR_TARGET_value=
ac_cv_env_OBJCOPY_set=
ac_cv_env_OBJCOPY_value=
ac_cv_env_OBJDUMP_FOR_TARGET_set=
ac_cv_env_OBJDUMP_FOR_TARGET_value=
ac_cv_env_OBJDUMP_set=
ac_cv_env_OBJDUMP_value=
ac_cv_env_RANLIB_FOR_TARGET_set=
ac_cv_env_RANLIB_FOR_TARGET_value=
ac_cv_env_RANLIB_set=
ac_cv_env_RANLIB_value=
ac_cv_env_READELF_FOR_TARGET_set=
ac_cv_env_READELF_FOR_TARGET_value=
ac_cv_env_READELF_set=
ac_cv_env_READELF_value=
ac_cv_env_STRIP_FOR_TARGET_set=
ac_cv_env_STRIP_FOR_TARGET_value=
ac_cv_env_STRIP_set=
ac_cv_env_STRIP_value=
ac_cv_env_WINDMC_FOR_TARGET_set=
ac_cv_env_WINDMC_FOR_TARGET_value=
ac_cv_env_WINDMC_set=
ac_cv_env_WINDMC_value=
ac_cv_env_WINDRES_FOR_TARGET_set=
ac_cv_env_WINDRES_FOR_TARGET_value=
ac_cv_env_WINDRES_set=
ac_cv_env_WINDRES_value=
ac_cv_env_build_alias_set=
ac_cv_env_build_alias_value=
ac_cv_env_build_configargs_set=
ac_cv_env_build_configargs_value=
ac_cv_env_host_alias_set=
ac_cv_env_host_alias_value=
ac_cv_env_host_configargs_set=
ac_cv_env_host_configargs_value=
ac_cv_env_target_alias_set=set
ac_cv_env_target_alias_value=arm-gdos
ac_cv_env_target_configargs_set=
ac_cv_env_target_configargs_value=
ac_cv_host=x86_64-pc-linux-gnu
ac_cv_objext=o
ac_cv_path_SED=/usr/bin/sed
ac_cv_path_install='/usr/bin/install -c'
ac_cv_prog_AR=ar
ac_cv_prog_AR_FOR_TARGET=arm-gdos-ar
ac_cv_prog_AS=as
ac_cv_prog_AS_FOR_TARGET=arm-gdos-as
ac_cv_prog_AWK=gawk
ac_cv_prog_BISON=bison
ac_cv_prog_CC_FOR_TARGET=arm-gdos-cc
ac_cv_prog_EXPECT=expect
ac_cv_prog_FLEX=flex
ac_cv_prog_GCC_FOR_TARGET=arm-gdos-gcc
ac_cv_prog_LD=ld
ac_cv_prog_LEX=flex
ac_cv_prog_M4=m4
ac_cv_prog_MAKEINFO=makeinfo
ac_cv_prog_NM=nm
ac_cv_prog_OBJCOPY=objcopy
ac_cv_prog_OBJDUMP=objdump
ac_cv_prog_RANLIB=ranlib
ac_cv_prog_RANLIB_FOR_TARGET=arm-gdos-ranlib
ac_cv_prog_READELF=readelf
ac_cv_prog_RUNTEST=runtest
ac_cv_prog_STRIP=strip
ac_cv_prog_YACC='bison -y'
ac_cv_prog_ac_ct_CC=gcc
ac_cv_prog_ac_ct_CXX=g++
ac_cv_prog_cc_c89=
ac_cv_prog_cc_g=yes
ac_cv_prog_cxx_g=yes
ac_cv_target=arm-unknown-gdos
acx_cv_cc_gcc_supports_ada=no
acx_cv_prog_LN=ln
gcc_cv_isl=yes
gcc_cv_prog_cmp_skip='cmp --ignore-initial=16 $$f1 $$f2'
gcc_cv_tool_dirs=
gcc_cv_tool_prefix=/usr
lt_cv_objdir=.libs

## ----------------- ##
## Output variables. ##
## ----------------- ##

AR='ar'
AR_FOR_BUILD='$(AR)'
AR_FOR_TARGET='arm-gdos-ar'
AS='as'
AS_FOR_BUILD='$(AS)'
AS_FOR_TARGET='arm-gdos-as'
AWK='gawk'
BISON='bison'
BUILD_CONFIG=''
CC='gcc'
CC_FOR_BUILD='$(CC)'
CC_FOR_TARGET='arm-gdos-cc'
CFLAGS='-g -O2'
CFLAGS_FOR_BUILD='-g -O2'
CFLAGS_FOR_TARGET='-g -O2'
COMPILER_AS_FOR_TARGET='$(AS_FOR_TARGET)'
COMPILER_LD_FOR_TARGET='$(LD_FOR_TARGET)'
COMPILER_NM_FOR_TARGET='$(NM_FOR_TARGET)'
CONFIGURE_GDB_TK=''
CPPFLAGS=''
CXX='g++'
CXXFLAGS='-g -O2'
CXXFLAGS_FOR_BUILD='-g -O2'
CXXFLAGS_FOR_TARGET='-g -O2'
CXX_FOR_BUILD='$(CXX)'
CXX_FOR_TARGET='arm-gdos-c++'
DEBUG_PREFIX_CFLAGS_FOR_TARGET=''
DEFS='-DPACKAGE_NAME=\"\" -DPACKAGE_TARNAME=\"\" -DPACKAGE_VERSION=\"\" -DPACKAGE_STRING=\"\" -DPACKAGE_BUGREPORT=\"\" -DPACKAGE_URL=\"\" -DLT_OBJDIR=\".libs/\"'
DLLTOOL='dlltool'
DLLTOOL_FOR_BUILD='$(DLLTOOL)'
DLLTOOL_FOR_TARGET='arm-gdos-dlltool'
ECHO_C=''
ECHO_N='-n'
ECHO_T=''
EXEEXT=''
EXPECT='expect'
EXTRA_CONFIGARGS_LIBJAVA='--disable-static'
FLAGS_FOR_TARGET=' -B$$r/$(TARGET_SUBDIR)/newlib/ -isystem $$r/$(TARGET_SUBDIR)/newlib/targ-include -isystem $$s/newlib/libc/include -B$$r/$(TARGET_SUBDIR)/libgloss/arm -L$$r/$(TARGET_SUBDIR)/libgloss/libnosys -L$$s/libgloss/arm'
FLEX='flex'
GCC_FOR_TARGET='arm-gdos-gcc'
GCC_SHLIB_SUBDIR=''
GCJ_FOR_BUILD='$(GCJ)'
GCJ_FOR_TARGET='arm-gdos-gcj'
GDB_TK=''
GFORTRAN_FOR_BUILD='$(GFORTRAN)'
GFORTRAN_FOR_TARGET='arm-gdos-gfortran'
GNATBIND='no'
GNATMAKE='no'
GOC_FOR_BUILD='$(GOC)'
GOC_FOR_TARGET='arm-gdos-gccgo'
INSTALL_DATA='${INSTALL} -m 644'
INSTALL_GDB_TK=''
INSTALL_PROGRAM='${INSTALL}'
INSTALL_SCRIPT='${INSTALL}'
LD='ld'
LDFLAGS=''
LDFLAGS_FOR_BUILD=''
LDFLAGS_FOR_TARGET=''
LD_FOR_BUILD='$(LD)'
LD_FOR_TARGET='arm-gdos-ld'
LEX='flex'
LIBOBJS=''
LIBS=''
LIPO='lipo'
LIPO_FOR_TARGET='arm-gdos-lipo'
LN='ln'
LN_S='ln -s'
LTLIBOBJS=''
M4='m4'
MAINT='#'
MAINTAINER_MODE_FALSE=''
MAINTAINER_MODE_TRUE='#'
MAKEINFO='makeinfo'
NM='nm'
NM_FOR_BUILD='$(NM)'
NM_FOR_TARGET='arm-gdos-nm'
OBJCOPY='objcopy'
OBJCOPY_FOR_TARGET='arm-gdos-objcopy'
OBJDUMP='objdump'
OBJDUMP_FOR_TARGET='arm-gdos-objdump'
OBJEXT='o'
PACKAGE_BUGREPORT=''
PACKAGE_NAME=''
PACKAGE_STRING=''
PACKAGE_TARNAME=''
PACKAGE_URL=''
PACKAGE_VERSION=''
PATH_SEPARATOR=':'
RANLIB='ranlib'
RANLIB_FOR_BUILD='$(RANLIB)'
RANLIB_FOR_TARGET='arm-gdos-ranlib'
RAW_CXX_FOR_TARGET='arm-gdos-c++'
READELF='readelf'
READELF_FOR_TARGET='arm-gdos-readelf'
RPATH_ENVVAR='LD_LIBRARY_PATH'
RUNTEST='runtest'
SED='/usr/bin/sed'
SHELL='/bin/sh'
STRIP='strip'
STRIP_FOR_TARGET='arm-gdos-strip'
SYSROOT_CFLAGS_FOR_TARGET=''
TOPLEVEL_CONFIGURE_ARGUMENTS='../newlib-3.1.0/configure --prefix=/usr --target=arm-gdos'
WINDMC='windmc'
WINDMC_FOR_BUILD='$(WINDMC)'
WINDMC_FOR_TARGET='arm-gdos-windmc'
WINDRES='windres'
WINDRES_FOR_BUILD='$(WINDRES)'
WINDRES_FOR_TARGET='arm-gdos-windres'
YACC='bison -y'
ac_ct_CC='gcc'
ac_ct_CXX='g++'
bindir='${exec_prefix}/bin'
build='x86_64-pc-linux-gnu'
build_alias=''
build_configargs=' --cache-file=./config.cache '\''--prefix=/usr'\'' --program-transform-name='\''s&^&arm-gdos-&'\'' --disable-option-checking'
build_configdirs=''
build_cpu='x86_64'
build_libsubdir='build-x86_64-pc-linux-gnu'
build_noncanonical='x86_64-pc-linux-gnu'
build_os='linux-gnu'
build_subdir='build-x86_64-pc-linux-gnu'
build_tooldir='${exec_prefix}/arm-gdos'
build_vendor='pc'
compare_exclusions='gcc/cc*-checksum$(objext) | gcc/ada/*tools/*'
configdirs=' etc'
datadir='${datarootdir}'
datarootdir='${prefix}/share'
do_compare='cmp --ignore-initial=16 $$f1 $$f2'
docdir='${datarootdir}/doc/${PACKAGE}'
dvidir='${docdir}'
exec_prefix='${prefix}'
extra_host_libiberty_configure_flags=''
extra_host_zlib_configure_flags=''
extra_isl_gmp_configure_flags=''
extra_liboffloadmic_configure_flags=''
extra_linker_plugin_configure_flags=''
extra_linker_plugin_flags=''
extra_mpc_gmp_configure_flags=''
extra_mpc_mpfr_configure_flags=''
extra_mpfr_configure_flags=''
gmpinc=''
gmplibs='-lmpc -lmpfr -lgmp'
host='x86_64-pc-linux-gnu'
host_alias=''
host_configargs=' --cache-file=./config.cache  --with-system-zlib --with-newlib '\''--prefix=/usr'\'' --program-transform-name='\''s&^&arm-gdos-&'\'' --disable-option-checking'
host_cpu='x86_64'
host_noncanonical='x86_64-pc-linux-gnu'
host_os='linux-gnu'
host_shared='no'
host_subdir='.'
host_vendor='pc'
htmldir='${docdir}'
includedir='${prefix}/include'
infodir='${datarootdir}/info'
islinc=''
isllibs=' -lisl'
islver='0.15'
libdir='${exec_prefix}/lib'
libexecdir='${exec_prefix}/libexec'
localedir='${datarootdir}/locale'
localstatedir='${prefix}/var'
mandir='${datarootdir}/man'
oldincludedir='/usr/include'
pdfdir='${docdir}'
poststage1_ldflags='-static-libstdc++ -static-libgcc'
poststage1_libs=''
prefix='/usr'
program_transform_name='s&^&arm-gdos-&'
psdir='${docdir}'
sbindir='${exec_prefix}/sbin'
sharedstatedir='${prefix}/com'
stage1_cflags='-g'
stage1_checking='--enable-checking=yes,types'
stage1_languages=',c,'
stage1_ldflags='-static-libstdc++ -static-libgcc'
stage1_libs=''
stage2_werror_flag=''
sysconfdir='${prefix}/etc'
target='arm-unknown-gdos'
target_alias='arm-gdos'
target_configargs='--cache-file=./config.cache --with-newlib --enable-multilib --with-cross-host=x86_64-pc-linux-gnu   '\''--prefix=/usr'\'' --program-transform-name='\''s&^&arm-gdos-&'\'' --disable-option-checking'
target_configdirs='libgloss newlib'
target_cpu='arm'
target_noncanonical='arm-gdos'
target_os='gdos'
target_subdir='arm-gdos'
target_vendor='unknown'
tooldir='${exec_prefix}/arm-gdos'

## ------------------- ##
## File substitutions. ##
## ------------------- ##

alphaieee_frag='/dev/null'
host_makefile_frag='/dev/null'
ospace_frag='/dev/null'
serialization_dependencies='serdep.tmp'
target_makefile_frag='/dev/null'

## ----------- ##
## confdefs.h. ##
## ----------- ##

/* confdefs.h */
#define PACKAGE_NAME ""
#define PACKAGE_TARNAME ""
#define PACKAGE_VERSION ""
#define PACKAGE_STRING ""
#define PACKAGE_BUGREPORT ""
#define PACKAGE_URL ""
#define LT_OBJDIR ".libs/"

configure: exit 0
